<?xml version="1.0" encoding="UTF-8"?>
<!-- Generated by org.testng.reporters.JUnitReportReporter -->
<testsuite hostname="LAPTOP-04B1LE1H" failures="0" tests="2" name="com.nopcommerce.demo.testng.TestNGDemo" time="0.012" errors="0" timestamp="2023-12-09T11:55:40 GMT" skipped="0">
  <testcase classname="com.nopcommerce.demo.testng.TestNGDemo" name="test2" time="0.004"/>
  <testcase classname="com.nopcommerce.demo.testng.TestNGDemo" name="test1" time="0.008"/>
</testsuite> <!-- com.nopcommerce.demo.testng.TestNGDemo -->
