<?xml version="1.0" encoding="UTF-8"?>
<!-- Generated by org.testng.reporters.JUnitReportReporter -->
<testsuite hostname="LAPTOP-04B1LE1H" failures="0" tests="2" name="com.nopcommerce.demo.testsuite.LoginTest" time="10.394" errors="0" timestamp="2023-12-09T11:55:40 GMT" skipped="0">
  <testcase classname="com.nopcommerce.demo.testsuite.LoginTest" name="verifyUserShouldNavigateToLoginPageSuccessfully" time="4.470"/>
  <testcase classname="com.nopcommerce.demo.testsuite.LoginTest" name="verifyErrorMessageWithInvalidCredentials" time="5.924"/>
</testsuite> <!-- com.nopcommerce.demo.testsuite.LoginTest -->
