<?xml version="1.0" encoding="UTF-8"?>
<!-- Generated by org.testng.reporters.JUnitReportReporter -->
<testsuite hostname="LAPTOP-04B1LE1H" failures="0" tests="1" name="com.nopcommerce.demo.testsuite.LoginTest" time="3.548" errors="0" timestamp="2023-12-08T12:01:16 GMT" skipped="0">
  <testcase classname="com.nopcommerce.demo.testsuite.LoginTest" name="verifyUserShouldNavigateToLoginPageSuccessfully" time="3.548"/>
</testsuite> <!-- com.nopcommerce.demo.testsuite.LoginTest -->
